2019-06-13 10:36:27 [getConnection       ] Connected to Database with connstring: mysql:host=localhost;dbname=agile1_bd;charset=utf8
2019-06-13 10:52:39 [getConnection       ] Connected to Database with connstring: mysql:host=localhost;dbname=agile1_bd;charset=utf8
2019-06-13 10:52:39 [deleteStudent       ] DELETE from student where id = :userid Successfull: 1
2019-06-13 10:52:41 [getConnection       ] Connected to Database with connstring: mysql:host=localhost;dbname=agile1_bd;charset=utf8
2019-06-13 10:52:41 [deleteStudent       ] DELETE from student where id = :userid Successfull: 1
2019-06-13 10:57:14 [getConnection       ] Connected to Database with connstring: mysql:host=localhost;dbname=agile1_bd;charset=utf8
2019-06-13 10:57:53 [getConnection       ] Connected to Database with connstring: mysql:host=localhost;dbname=agile1_bd;charset=utf8
2019-06-13 11:05:37 [getConnection       ] Connected to Database with connstring: mysql:host=localhost;dbname=agile1_bd;charset=utf8
2019-06-13 11:05:39 [getConnection       ] Connected to Database with connstring: mysql:host=localhost;dbname=agile1_bd;charset=utf8
2019-06-13 11:05:43 [getConnection       ] Connected to Database with connstring: mysql:host=localhost;dbname=agile1_bd;charset=utf8
2019-06-13 11:08:19 [getConnection       ] Connected to Database with connstring: mysql:host=localhost;dbname=agile1_bd;charset=utf8
2019-06-13 11:08:19 [updateStudentName   ] UPDATE student set firstname = :firstname, name = :username where id_student = :userid Successfull: 
2019-06-13 11:09:03 [getConnection       ] Connected to Database with connstring: mysql:host=localhost;dbname=agile1_bd;charset=utf8
2019-06-13 11:09:03 [updateStudentName   ] UPDATE student set firstname = :firstname, name = :username where id_student = :userid Successfull: 
2019-06-13 11:11:50 [getConnection       ] Connected to Database with connstring: mysql:host=localhost;dbname=agile1_bd;charset=utf8
2019-06-13 11:11:50 [deleteStudent       ] delete from student where id_student = :userid Successfull: 1
2019-06-13 11:12:08 [getConnection       ] Connected to Database with connstring: mysql:host=localhost;dbname=agile1_bd;charset=utf8
2019-06-13 11:12:08 [deleteStudent       ] delete from student where id_student = :userid Successfull: 1
2019-06-13 11:12:10 [getConnection       ] Connected to Database with connstring: mysql:host=localhost;dbname=agile1_bd;charset=utf8
2019-06-13 11:12:10 [deleteStudent       ] delete from student where id_student = :userid Successfull: 1
2019-06-13 11:12:15 [getConnection       ] Connected to Database with connstring: mysql:host=localhost;dbname=agile1_bd;charset=utf8
2019-06-13 11:12:15 [updateStudentName   ] UPDATE student set firstname = :firstname, name = :username where id_student = :userid Successfull: 
2019-06-13 11:13:54 [getConnection       ] Connected to Database with connstring: mysql:host=localhost;dbname=agile1_bd;charset=utf8
2019-06-13 11:13:54 [updateStudentName   ] UPDATE student set firstname = :firstname, name = :username where id_student = :userid Successfull: 
2019-06-13 11:13:55 [getConnection       ] Connected to Database with connstring: mysql:host=localhost;dbname=agile1_bd;charset=utf8
2019-06-13 11:13:56 [updateStudentName   ] UPDATE student set firstname = :firstname, name = :username where id_student = :userid Successfull: 
2019-06-13 11:14:10 [getConnection       ] Connected to Database with connstring: mysql:host=localhost;dbname=agile1_bd;charset=utf8
2019-06-13 11:14:10 [updateStudentName   ] UPDATE student set firstname = :firstname, name = :username where id_student = :userid Successfull: 
2019-06-13 11:14:23 [getConnection       ] Connected to Database with connstring: mysql:host=localhost;dbname=agile1_bd;charset=utf8
2019-06-13 11:14:23 [updateStudentName   ] UPDATE student set firstname = :firstname, name = :username where id_student = :userid Successfull: 
2019-06-13 11:14:52 [getConnection       ] Connected to Database with connstring: mysql:host=localhost;dbname=agile1_bd;charset=utf8
2019-06-13 11:14:52 [updateStudentName   ] UPDATE student set firstname = :firstname, name = :username where id_student = :userid Successfull: 
2019-06-13 11:16:12 [getConnection       ] Connected to Database with connstring: mysql:host=localhost;dbname=agile1_bd;charset=utf8
2019-06-13 11:16:12 [updateStudentName   ] UPDATE student set firstname = :firstname, name = :username where id_student = :userid Successfull: 
2019-06-13 11:16:31 [getConnection       ] Connected to Database with connstring: mysql:host=localhost;dbname=agile1_bd;charset=utf8
2019-06-13 11:16:31 [updateStudentName   ] UPDATE student set firstname = :firstname, name = :username where id_student = :userid Successfull: 
2019-06-13 11:21:44 [getConnection       ] Connected to Database with connstring: mysql:host=localhost;dbname=agile1_bd;charset=utf8
2019-06-13 11:21:44 [updateStudentName   ] UPDATE student set firstname = :firstname, name = :username where id_student = :userid Successfull: 1
2019-06-13 11:21:51 [getConnection       ] Connected to Database with connstring: mysql:host=localhost;dbname=agile1_bd;charset=utf8
2019-06-13 11:21:51 [updateStudentName   ] UPDATE student set firstname = :firstname, name = :username where id_student = :userid Successfull: 1
2019-06-13 11:22:33 [getConnection       ] Connected to Database with connstring: mysql:host=localhost;dbname=agile1_bd;charset=utf8
2019-06-13 11:22:33 [updateStudentName   ] UPDATE student set firstname = :firstname, name = :username where id_student = :userid Successfull: 
2019-06-13 11:22:43 [getConnection       ] Connected to Database with connstring: mysql:host=localhost;dbname=agile1_bd;charset=utf8
2019-06-13 11:22:43 [updateStudentName   ] UPDATE student set firstname = :firstname, name = :username where id_student = :userid Successfull: 
2019-06-13 11:22:50 [getConnection       ] Connected to Database with connstring: mysql:host=localhost;dbname=agile1_bd;charset=utf8
2019-06-13 11:22:50 [updateStudentName   ] UPDATE student set firstname = :firstname, name = :username where id_student = :userid Successfull: 
2019-06-13 11:22:54 [getConnection       ] Connected to Database with connstring: mysql:host=localhost;dbname=agile1_bd;charset=utf8
2019-06-13 11:22:54 [updateStudentName   ] UPDATE student set firstname = :firstname, name = :username where id_student = :userid Successfull: 
2019-06-13 11:23:07 [getConnection       ] Connected to Database with connstring: mysql:host=localhost;dbname=agile1_bd;charset=utf8
2019-06-13 11:23:07 [updateStudentName   ] UPDATE student set firstname = :firstname, name = :username where id_student = :userid Successfull: 
2019-06-13 11:23:12 [getConnection       ] Connected to Database with connstring: mysql:host=localhost;dbname=agile1_bd;charset=utf8
2019-06-13 11:23:12 [updateStudentName   ] UPDATE student set firstname = :firstname, name = :username where id_student = :userid Successfull: 
2019-06-13 11:23:20 [getConnection       ] Connected to Database with connstring: mysql:host=localhost;dbname=agile1_bd;charset=utf8
2019-06-13 11:23:20 [updateStudentName   ] UPDATE student set firstname = :firstname, name = :username where id_student = :userid Successfull: 
2019-06-13 11:23:39 [getConnection       ] Connected to Database with connstring: mysql:host=localhost;dbname=agile1_bd;charset=utf8
2019-06-13 11:23:39 [updateStudentName   ] UPDATE student set firstname = :firstname, name = :username where id_student = :userid Successfull: 
2019-06-13 11:23:47 [getConnection       ] Connected to Database with connstring: mysql:host=localhost;dbname=agile1_bd;charset=utf8
2019-06-13 11:23:47 [updateStudentName   ] UPDATE student set firstname = :firstname, name = :username where id_student = :userid Successfull: 
2019-06-13 11:24:03 [getConnection       ] Connected to Database with connstring: mysql:host=localhost;dbname=agile1_bd;charset=utf8
2019-06-13 11:24:03 [updateStudentName   ] UPDATE student set firstname = :firstname, name = :username where id_student = :userid Successfull: 
2019-06-13 11:24:37 [getConnection       ] Connected to Database with connstring: mysql:host=localhost;dbname=agile1_bd;charset=utf8
2019-06-13 11:24:37 [updateStudentName   ] UPDATE student set firstname = :firstname, name = :username where id_student = :userid Successfull: 1
2019-06-13 11:39:16 [getConnection       ] Connected to Database with connstring: mysql:host=localhost;dbname=agile1_bd;charset=utf8
2019-06-13 11:39:20 [getConnection       ] Connected to Database with connstring: mysql:host=localhost;dbname=agile1_bd;charset=utf8
2019-06-13 11:39:20 [deleteStudent       ] delete from student where id_student = :userid Successfull: 1
2019-06-13 11:39:25 [getConnection       ] Connected to Database with connstring: mysql:host=localhost;dbname=agile1_bd;charset=utf8
2019-06-13 11:39:25 [updateStudentName   ] UPDATE student set firstname = :firstname, name = :username where id_student = :userid Successfull: 1
2019-06-13 11:40:00 [getConnection       ] Connected to Database with connstring: mysql:host=localhost;dbname=agile1_bd;charset=utf8
2019-06-13 11:40:00 [updateUserRole      ] UPDATE user set role = :userrole where id = :userid Successfull: 1
<<<<<<< HEAD
2019-06-13 11:51:40 [getConnection       ] Connected to Database with connstring: mysql:host=localhost;dbname=agile1_bd;charset=utf8
2019-06-13 11:51:40 [updateStudentName   ] UPDATE student set firstname = :firstname, name = :username where id_student = :userid Successfull: 1
2019-06-13 11:52:12 [getConnection       ] Connected to Database with connstring: mysql:host=localhost;dbname=agile1_bd;charset=utf8
2019-06-13 11:52:12 [updateStudentName   ] UPDATE student set firstname = :firstname, name = :username where id_student = :userid Successfull: 1
2019-06-13 11:52:14 [getConnection       ] Connected to Database with connstring: mysql:host=localhost;dbname=agile1_bd;charset=utf8
2019-06-13 11:52:14 [deleteStudent       ] delete from student where id_student = :userid Successfull: 1
2019-06-13 11:52:20 [getConnection       ] Connected to Database with connstring: mysql:host=localhost;dbname=agile1_bd;charset=utf8
2019-06-13 11:52:20 [deleteStudent       ] delete from student where id_student = :userid Successfull: 1
2019-06-13 11:52:20 [getConnection       ] Connected to Database with connstring: mysql:host=localhost;dbname=agile1_bd;charset=utf8
2019-06-13 11:52:33 [getConnection       ] Connected to Database with connstring: mysql:host=localhost;dbname=agile1_bd;charset=utf8
2019-06-13 11:52:33 [deleteStudent       ] delete from student where id_student = :userid Successfull: 1
2019-06-13 11:52:33 [getConnection       ] Connected to Database with connstring: mysql:host=localhost;dbname=agile1_bd;charset=utf8
2019-06-13 11:52:35 [getConnection       ] Connected to Database with connstring: mysql:host=localhost;dbname=agile1_bd;charset=utf8
2019-06-13 11:52:35 [deleteStudent       ] delete from student where id_student = :userid Successfull: 1
2019-06-13 12:18:49 [getConnection       ] Connected to Database with connstring: mysql:host=localhost;dbname=agile1_bd;charset=utf8
2019-06-13 12:18:49 [updateUserRole      ] UPDATE user set role = :userrole where id = :userid Successfull: 1
2019-06-13 12:19:01 [getConnection       ] Connected to Database with connstring: mysql:host=localhost;dbname=agile1_bd;charset=utf8
2019-06-13 12:19:01 [updateStudentName   ] UPDATE student set firstname = :firstname, name = :username where id_student = :userid Successfull: 1
=======
2019-06-13 12:00:35 [getConnection       ] Connected to Database with connstring: mysql:host=localhost;dbname=agile1_bd;charset=utf8
2019-06-13 12:00:35 [execStatement       ] select * from studendtrials inner join skill on studendtrials.skill_id = skill.id							inner join competences on skill.competence_id = competences.id where studendtrials.id = :studid Successfull: 
2019-06-13 12:00:35 [execStatement       ] . 42S02, 1146, La table 'agile1_bd.studendtrials' n'existe pas
2019-06-13 12:00:35 [getConnection       ] Connected to Database with connstring: mysql:host=localhost;dbname=agile1_bd;charset=utf8
2019-06-13 12:00:35 [execStatement       ] select * from studendtrials inner join skill on studendtrials.skill_id = skill.id							inner join competences on skill.competence_id = competences.id where studendtrials.id = :studid Successfull: 
2019-06-13 12:00:35 [execStatement       ] . 42S02, 1146, La table 'agile1_bd.studendtrials' n'existe pas
>>>>>>> f7aed7e2aa93e85a9fa82d9876831be6ef670824
2019-06-13 13:02:25 [getConnection       ] Connected to Database with connstring: mysql:host=localhost;dbname=agile1_bd;charset=utf8
2019-06-13 13:02:25 [execStatement       ] select * from studendtrials inner join skill on studendtrials.skill_id = skill.id							inner join competences on skill.competence_id = competences.id 							inner join student on student.id_student = studendtrials.student_id 							where student.id_student = :studid Successfull: 1
2019-06-13 13:02:25 [execStatement       ] . 00000, , 
2019-06-13 13:23:45 [getConnection       ] Connected to Database with connstring: mysql:host=localhost;dbname=agile1_bd;charset=utf8
2019-06-13 13:23:45 [execStatement       ] select * from student                                    left join studendtrials on studendtrials.student_id = student.id_student                                    left join skill on skill_id = studendtrials.skill_id                                    left join competences on competences.id = skill.competence_id                                    where student.id_student = :studid Successfull: 1
2019-06-13 13:23:45 [execStatement       ] . 00000, , 
2019-06-13 13:23:45 [getConnection       ] Connected to Database with connstring: mysql:host=localhost;dbname=agile1_bd;charset=utf8
2019-06-13 13:23:45 [execStatement       ] SELECT * FROM competences WHERE niveau = (SELECT level FROM student WHERE id_student = :id) Successfull: 1
2019-06-13 13:23:45 [execStatement       ] . 00000, , 
2019-06-13 13:24:20 [getConnection       ] Connected to Database with connstring: mysql:host=localhost;dbname=agile1_bd;charset=utf8
2019-06-13 13:24:20 [execStatement       ] select * from student                                    left join studendtrials on studendtrials.student_id = student.id_student                                    left join skill on skill_id = studendtrials.skill_id                                    left join competences on competences.id = skill.competence_id                                    where student.id_student = :studid Successfull: 1
2019-06-13 13:24:20 [execStatement       ] . 00000, , 
2019-06-13 13:24:20 [getConnection       ] Connected to Database with connstring: mysql:host=localhost;dbname=agile1_bd;charset=utf8
2019-06-13 13:24:20 [execStatement       ] SELECT * FROM competences WHERE niveau = (SELECT level FROM student WHERE id_student = :id) Successfull: 1
2019-06-13 13:24:20 [execStatement       ] . 00000, , 
2019-06-13 13:25:02 [getConnection       ] Connected to Database with connstring: mysql:host=localhost;dbname=agile1_bd;charset=utf8
2019-06-13 13:25:02 [execStatement       ] select * from student                                    left join studendtrials on studendtrials.student_id = student.id_student                                    left join skill on skill_id = studendtrials.skill_id                                    left join competences on competences.id = skill.competence_id                                    where student.id_student = :studid Successfull: 1
2019-06-13 13:25:02 [execStatement       ] . 00000, , 
2019-06-13 13:25:02 [getConnection       ] Connected to Database with connstring: mysql:host=localhost;dbname=agile1_bd;charset=utf8
2019-06-13 13:25:02 [execStatement       ] SELECT * FROM competences WHERE niveau = (SELECT level FROM student WHERE id_student = :id) Successfull: 1
2019-06-13 13:25:02 [execStatement       ] . 00000, , 
2019-06-13 13:25:33 [getConnection       ] Connected to Database with connstring: mysql:host=localhost;dbname=agile1_bd;charset=utf8
2019-06-13 13:25:33 [execStatement       ] select * from student                                    left join studendtrials on studendtrials.student_id = student.id_student                                    left join skill on skill_id = studendtrials.skill_id                                    left join competences on competences.id = skill.competence_id                                    where student.id_student = :studid Successfull: 1
2019-06-13 13:25:33 [execStatement       ] . 00000, , 
2019-06-13 13:25:33 [getConnection       ] Connected to Database with connstring: mysql:host=localhost;dbname=agile1_bd;charset=utf8
2019-06-13 13:25:33 [execStatement       ] SELECT * FROM competences WHERE niveau = (SELECT level FROM student WHERE id_student = :id) Successfull: 1
2019-06-13 13:25:33 [execStatement       ] . 00000, , 
2019-06-13 13:25:36 [getConnection       ] Connected to Database with connstring: mysql:host=localhost;dbname=agile1_bd;charset=utf8
2019-06-13 13:25:36 [execStatement       ] select * from student                                    left join studendtrials on studendtrials.student_id = student.id_student                                    left join skill on skill_id = studendtrials.skill_id                                    left join competences on competences.id = skill.competence_id                                    where student.id_student = :studid Successfull: 1
2019-06-13 13:25:36 [execStatement       ] . 00000, , 
2019-06-13 13:25:36 [getConnection       ] Connected to Database with connstring: mysql:host=localhost;dbname=agile1_bd;charset=utf8
2019-06-13 13:25:36 [execStatement       ] SELECT * FROM competences WHERE niveau = (SELECT level FROM student WHERE id_student = :id) Successfull: 1
2019-06-13 13:25:36 [execStatement       ] . 00000, , 
2019-06-13 13:25:58 [getConnection       ] Connected to Database with connstring: mysql:host=localhost;dbname=agile1_bd;charset=utf8
2019-06-13 13:25:58 [execStatement       ] select * from student                                    left join studendtrials on studendtrials.student_id = student.id_student                                    left join skill on skill_id = studendtrials.skill_id                                    left join competences on competences.id = skill.competence_id                                    where student.id_student = :studid Successfull: 1
2019-06-13 13:25:58 [execStatement       ] . 00000, , 
2019-06-13 13:25:58 [getConnection       ] Connected to Database with connstring: mysql:host=localhost;dbname=agile1_bd;charset=utf8
2019-06-13 13:25:58 [execStatement       ] SELECT * FROM competences WHERE niveau = (SELECT level FROM student WHERE id_student = :id) Successfull: 1
2019-06-13 13:25:58 [execStatement       ] . 00000, , 
2019-06-13 13:28:57 [getConnection       ] Connected to Database with connstring: mysql:host=localhost;dbname=agile1_bd;charset=utf8
2019-06-13 13:28:57 [execStatement       ] select * from student                                    left join studendtrials on studendtrials.student_id = student.id_student                                    left join skill on skill_id = studendtrials.skill_id                                    left join competences on competences.id = skill.competence_id                                    where student.id_student = :studid Successfull: 1
2019-06-13 13:28:57 [execStatement       ] . 00000, , 
2019-06-13 13:28:57 [getConnection       ] Connected to Database with connstring: mysql:host=localhost;dbname=agile1_bd;charset=utf8
2019-06-13 13:28:57 [execStatement       ] SELECT * FROM competences WHERE niveau = (SELECT level FROM student WHERE id_student = :id) Successfull: 1
2019-06-13 13:28:57 [execStatement       ] . 00000, , 
2019-06-13 13:29:52 [getConnection       ] Connected to Database with connstring: mysql:host=localhost;dbname=agile1_bd;charset=utf8
2019-06-13 13:29:52 [execStatement       ] select * from student                                    left join studendtrials on studendtrials.student_id = student.id_student                                    left join skill on skill_id = studendtrials.skill_id                                    left join competences on competences.id = skill.competence_id                                    where student.id_student = :studid Successfull: 1
2019-06-13 13:29:52 [execStatement       ] . 00000, , 
2019-06-13 13:29:52 [getConnection       ] Connected to Database with connstring: mysql:host=localhost;dbname=agile1_bd;charset=utf8
2019-06-13 13:29:52 [execStatement       ] SELECT * FROM competences WHERE niveau = (SELECT level FROM student WHERE id_student = :id) Successfull: 1
2019-06-13 13:29:52 [execStatement       ] . 00000, , 
2019-06-13 13:49:27 [getConnection       ] Connected to Database with connstring: mysql:host=localhost;dbname=agile1_bd;charset=utf8
2019-06-13 13:49:27 [execStatement       ] select * from student                                    left join studendtrials on studendtrials.student_id = student.id_student                                    left join skill on skill_id = studendtrials.skill_id                                    left join competences on competences.id = skill.competence_id                                    where student.id_student = :studid order by competences.id asc Successfull: 1
2019-06-13 13:49:27 [execStatement       ] . 00000, , 
2019-06-13 13:49:27 [getConnection       ] Connected to Database with connstring: mysql:host=localhost;dbname=agile1_bd;charset=utf8
2019-06-13 13:49:27 [execStatement       ] SELECT * FROM competences WHERE niveau = (SELECT level FROM student WHERE id_student = :id) Successfull: 1
2019-06-13 13:49:27 [execStatement       ] . 00000, , 
2019-06-13 13:59:03 [getConnection       ] Connected to Database with connstring: mysql:host=localhost;dbname=agile1_bd;charset=utf8
2019-06-13 13:59:03 [execStatement       ] select * from student                                    left join studendtrials on studendtrials.student_id = student.id_student                                    left join skill on skill_id = studendtrials.skill_id                                    left join competences on competences.id = skill.competence_id                                    where student.id_student = :studid order by competences.id asc Successfull: 1
2019-06-13 13:59:03 [execStatement       ] . 00000, , 
2019-06-13 13:59:03 [getConnection       ] Connected to Database with connstring: mysql:host=localhost;dbname=agile1_bd;charset=utf8
2019-06-13 13:59:03 [execStatement       ] SELECT * FROM competences WHERE niveau =  Successfull: 
2019-06-13 13:59:03 [execStatement       ] . 42000, 1064, Erreur de syntaxe près de '' à la ligne 1
2019-06-13 13:59:53 [getConnection       ] Connected to Database with connstring: mysql:host=localhost;dbname=agile1_bd;charset=utf8
2019-06-13 13:59:53 [execStatement       ] select * from student                                    left join studendtrials on studendtrials.student_id = student.id_student                                    left join skill on skill_id = studendtrials.skill_id                                    left join competences on competences.id = skill.competence_id                                    where student.id_student = :studid order by competences.id asc Successfull: 1
2019-06-13 13:59:53 [execStatement       ] . 00000, , 
2019-06-13 13:59:53 [getConnection       ] Connected to Database with connstring: mysql:host=localhost;dbname=agile1_bd;charset=utf8
2019-06-13 13:59:53 [execStatement       ] SELECT * FROM competences WHERE niveau =  Successfull: 
2019-06-13 13:59:53 [execStatement       ] . 42000, 1064, Erreur de syntaxe près de '' à la ligne 1
2019-06-13 14:00:10 [getConnection       ] Connected to Database with connstring: mysql:host=localhost;dbname=agile1_bd;charset=utf8
2019-06-13 14:00:10 [execStatement       ] select * from student                                    left join studendtrials on studendtrials.student_id = student.id_student                                    left join skill on skill_id = studendtrials.skill_id                                    left join competences on competences.id = skill.competence_id                                    where student.id_student = :studid order by competences.id asc Successfull: 1
2019-06-13 14:00:10 [execStatement       ] . 00000, , 
2019-06-13 14:00:10 [getConnection       ] Connected to Database with connstring: mysql:host=localhost;dbname=agile1_bd;charset=utf8
2019-06-13 14:00:10 [execStatement       ] SELECT * FROM competences WHERE niveau =  Successfull: 
2019-06-13 14:00:10 [execStatement       ] . 42000, 1064, Erreur de syntaxe près de '' à la ligne 1
2019-06-13 14:00:11 [getConnection       ] Connected to Database with connstring: mysql:host=localhost;dbname=agile1_bd;charset=utf8
2019-06-13 14:00:11 [execStatement       ] select * from student                                    left join studendtrials on studendtrials.student_id = student.id_student                                    left join skill on skill_id = studendtrials.skill_id                                    left join competences on competences.id = skill.competence_id                                    where student.id_student = :studid order by competences.id asc Successfull: 1
2019-06-13 14:00:11 [execStatement       ] . 00000, , 
2019-06-13 14:00:11 [getConnection       ] Connected to Database with connstring: mysql:host=localhost;dbname=agile1_bd;charset=utf8
2019-06-13 14:00:11 [execStatement       ] SELECT * FROM competences WHERE niveau =  Successfull: 
2019-06-13 14:00:11 [execStatement       ] . 42000, 1064, Erreur de syntaxe près de '' à la ligne 1
2019-06-13 14:00:36 [getConnection       ] Connected to Database with connstring: mysql:host=localhost;dbname=agile1_bd;charset=utf8
2019-06-13 14:00:36 [execStatement       ] select * from student                                    left join studendtrials on studendtrials.student_id = student.id_student                                    left join skill on skill_id = studendtrials.skill_id                                    left join competences on competences.id = skill.competence_id                                    where student.id_student = :studid order by competences.id asc Successfull: 1
2019-06-13 14:00:36 [execStatement       ] . 00000, , 
2019-06-13 14:00:36 [getConnection       ] Connected to Database with connstring: mysql:host=localhost;dbname=agile1_bd;charset=utf8
2019-06-13 14:00:36 [execStatement       ] SELECT * FROM competences WHERE niveau =  Successfull: 
2019-06-13 14:00:36 [execStatement       ] . 42000, 1064, Erreur de syntaxe près de '' à la ligne 1
2019-06-13 14:00:55 [getConnection       ] Connected to Database with connstring: mysql:host=localhost;dbname=agile1_bd;charset=utf8
2019-06-13 14:00:55 [execStatement       ] select * from student                                    left join studendtrials on studendtrials.student_id = student.id_student                                    left join skill on skill_id = studendtrials.skill_id                                    left join competences on competences.id = skill.competence_id                                    where student.id_student = :studid order by competences.id asc Successfull: 1
2019-06-13 14:00:55 [execStatement       ] . 00000, , 
2019-06-13 14:00:55 [getConnection       ] Connected to Database with connstring: mysql:host=localhost;dbname=agile1_bd;charset=utf8
2019-06-13 14:00:55 [execStatement       ] SELECT * FROM competences WHERE niveau =  Successfull: 
2019-06-13 14:00:55 [execStatement       ] . 42000, 1064, Erreur de syntaxe près de '' à la ligne 1
